<?xml version="1.0" encoding="UTF-8"?>
<!-- Generated by org.testng.reporters.JUnitXMLReporter -->
<testsuite ignored="0" hostname="MY" failures="0" tests="4" name="Default test" time="26.317" errors="0" timestamp="28 Jan 2024 19:58:16 GMT">
  <testcase classname="entrataProjectpkg.EntrataHomePageTest" name="testHomepageLoad" time="2.601"/>
  <testcase classname="entrataProjectpkg.EntrataHomePageTest" name="testFooterPresence" time="2.283"/>
  <testcase classname="entrataProjectpkg.EntrataHomePageTest" name="testFooterSpecificPhoneNumber" time="2.193"/>
  <testcase classname="entrataProjectpkg.EntrataHomePageTest" name="testWatchDemoButtonRedirection" time="10.312"/>
</testsuite> <!-- Default test -->
