<?xml version="1.0" encoding="UTF-8"?>
<testng-results ignored="0" total="4" passed="4" failed="0" skipped="0">
  <reporter-output>
  </reporter-output>
  <suite started-at="2024-01-28T19:57:50Z" name="Default suite" finished-at="2024-01-28T19:58:16Z" duration-ms="26317">
    <groups>
    </groups>
    <test started-at="2024-01-28T19:57:50Z" name="Default test" finished-at="2024-01-28T19:58:16Z" duration-ms="26317">
      <class name="entrataProjectpkg.EntrataHomePageTest">
        <test-method is-config="true" signature="setup()[pri:0, instance:entrataProjectpkg.EntrataHomePageTest@6e9a5ed8]" started-at="2024-01-29T01:27:50Z" name="setup" finished-at="2024-01-29T01:27:58Z" duration-ms="8279" status="PASS">
          <reporter-output>
          </reporter-output>
        </test-method> <!-- setup -->
        <test-method signature="testHomepageLoad()[pri:1, instance:entrataProjectpkg.EntrataHomePageTest@6e9a5ed8]" started-at="2024-01-29T01:27:58Z" name="testHomepageLoad" finished-at="2024-01-29T01:28:01Z" duration-ms="2601" status="PASS">
          <reporter-output>
          </reporter-output>
        </test-method> <!-- testHomepageLoad -->
        <test-method signature="testFooterPresence()[pri:2, instance:entrataProjectpkg.EntrataHomePageTest@6e9a5ed8]" started-at="2024-01-29T01:28:01Z" name="testFooterPresence" finished-at="2024-01-29T01:28:03Z" duration-ms="2283" status="PASS">
          <reporter-output>
          </reporter-output>
        </test-method> <!-- testFooterPresence -->
        <test-method signature="testFooterSpecificPhoneNumber()[pri:3, instance:entrataProjectpkg.EntrataHomePageTest@6e9a5ed8]" started-at="2024-01-29T01:28:03Z" name="testFooterSpecificPhoneNumber" finished-at="2024-01-29T01:28:05Z" duration-ms="2193" status="PASS">
          <reporter-output>
          </reporter-output>
        </test-method> <!-- testFooterSpecificPhoneNumber -->
        <test-method signature="testWatchDemoButtonRedirection()[pri:4, instance:entrataProjectpkg.EntrataHomePageTest@6e9a5ed8]" started-at="2024-01-29T01:28:05Z" name="testWatchDemoButtonRedirection" finished-at="2024-01-29T01:28:16Z" duration-ms="10312" status="PASS">
          <reporter-output>
          </reporter-output>
        </test-method> <!-- testWatchDemoButtonRedirection -->
        <test-method is-config="true" signature="tearDown()[pri:0, instance:entrataProjectpkg.EntrataHomePageTest@6e9a5ed8]" started-at="2024-01-29T01:28:16Z" name="tearDown" finished-at="2024-01-29T01:28:16Z" duration-ms="588" status="PASS">
          <reporter-output>
          </reporter-output>
        </test-method> <!-- tearDown -->
      </class> <!-- entrataProjectpkg.EntrataHomePageTest -->
    </test> <!-- Default test -->
  </suite> <!-- Default suite -->
</testng-results>
